# Logfile created on 2019-02-22 10:30:10 +0000 by logger.rb/61378
[2019-02-22T10:30:11+00:00] INFO: Started chef-zero at chefzero://localhost:1 with repository at /opt/gitlab/embedded
  One version per cookbook

[2019-02-22T10:30:11+00:00] INFO: *** Chef 13.6.4 ***
[2019-02-22T10:30:11+00:00] INFO: Platform: x86_64-linux
[2019-02-22T10:30:11+00:00] INFO: Chef-client pid: 23
[2019-02-22T10:30:11+00:00] INFO: The plugin path /etc/chef/ohai/plugins does not exist. Skipping...
[2019-02-22T10:30:13+00:00] WARN: Plugin Network: unable to detect ipaddress
[2019-02-22T10:30:13+00:00] INFO: Setting the run_list to ["recipe[gitlab]"] from CLI options
[2019-02-22T10:30:13+00:00] INFO: Run List is [recipe[gitlab]]
[2019-02-22T10:30:13+00:00] INFO: Run List expands to [gitlab]
[2019-02-22T10:30:13+00:00] INFO: Starting Chef Run for 8b4d127197f7
[2019-02-22T10:30:13+00:00] INFO: Running start handlers
[2019-02-22T10:30:13+00:00] INFO: Start handlers complete.
[2019-02-22T10:30:16+00:00] INFO: Loading cookbooks [gitlab@0.0.1, package@0.1.0, postgresql@0.1.0, redis@0.1.0, registry@0.1.0, mattermost@0.1.0, consul@0.0.0, gitaly@0.1.0, letsencrypt@0.1.0, nginx@0.1.0, runit@0.14.2, acme@3.1.0, crond@0.1.0, compat_resource@12.19.0]
[2019-02-22T10:30:16+00:00] INFO: Storing updated cookbooks/gitlab/recipes/add_trusted_certs.rb in the cache.
[2019-02-22T10:30:16+00:00] INFO: Storing updated cookbooks/gitlab/recipes/bootstrap_disable.rb in the cache.
[2019-02-22T10:30:16+00:00] INFO: Storing updated cookbooks/gitlab/recipes/config.rb in the cache.
[2019-02-22T10:30:16+00:00] INFO: Storing updated cookbooks/gitlab/recipes/default.rb in the cache.
[2019-02-22T10:30:16+00:00] INFO: Storing updated cookbooks/gitlab/recipes/deprecate-skip-auto-migrations.rb in the cache.
[2019-02-22T10:30:16+00:00] INFO: Storing updated cookbooks/gitlab/recipes/gitlab-healthcheck.rb in the cache.
[2019-02-22T10:30:16+00:00] INFO: Storing updated cookbooks/gitlab/definitions/unicorn_service.rb in the cache.
[2019-02-22T10:30:16+00:00] INFO: Storing updated cookbooks/gitlab/recipes/gitlab-monitor_disable.rb in the cache.
[2019-02-22T10:30:16+00:00] INFO: Storing updated cookbooks/gitlab/definitions/sidekiq_service.rb in the cache.
[2019-02-22T10:30:16+00:00] INFO: Storing updated cookbooks/gitlab/definitions/unicorn_config.rb in the cache.
[2019-02-22T10:30:16+00:00] INFO: Storing updated cookbooks/gitlab/recipes/gitlab-monitor.rb in the cache.
[2019-02-22T10:30:16+00:00] INFO: Storing updated cookbooks/gitlab/recipes/gitlab-prometheus.rb in the cache.
[2019-02-22T10:30:16+00:00] INFO: Storing updated cookbooks/gitlab/recipes/gitlab-shell.rb in the cache.
[2019-02-22T10:30:16+00:00] INFO: Storing updated cookbooks/gitlab/recipes/bootstrap.rb in the cache.
[2019-02-22T10:30:16+00:00] INFO: Storing updated cookbooks/gitlab/recipes/gitlab-workhorse_disable.rb in the cache.
[2019-02-22T10:30:16+00:00] INFO: Storing updated cookbooks/gitlab/recipes/logrotate.rb in the cache.
[2019-02-22T10:30:16+00:00] INFO: Storing updated cookbooks/gitlab/recipes/alertmanager_disable.rb in the cache.
[2019-02-22T10:30:16+00:00] INFO: Storing updated cookbooks/gitlab/recipes/logrotate_folders_and_configs.rb in the cache.
[2019-02-22T10:30:16+00:00] INFO: Storing updated cookbooks/gitlab/recipes/alertmanager.rb in the cache.
[2019-02-22T10:30:16+00:00] INFO: Storing updated cookbooks/gitlab/recipes/mailroom_disable.rb in the cache.
[2019-02-22T10:30:16+00:00] INFO: Storing updated cookbooks/gitlab/recipes/gitlab-pages_disable.rb in the cache.
[2019-02-22T10:30:16+00:00] INFO: Storing updated cookbooks/gitlab/recipes/nginx_disable.rb in the cache.
[2019-02-22T10:30:16+00:00] INFO: Storing updated cookbooks/gitlab/recipes/database_migrations.rb in the cache.
[2019-02-22T10:30:16+00:00] INFO: Storing updated cookbooks/gitlab/recipes/node-exporter_disable.rb in the cache.
[2019-02-22T10:30:16+00:00] INFO: Storing updated cookbooks/gitlab/recipes/postgres-exporter_disable.rb in the cache.
[2019-02-22T10:30:16+00:00] INFO: Storing updated cookbooks/gitlab/recipes/gitlab-rails.rb in the cache.
[2019-02-22T10:30:16+00:00] INFO: Storing updated cookbooks/gitlab/recipes/gitlab-pages.rb in the cache.
[2019-02-22T10:30:16+00:00] INFO: Storing updated cookbooks/gitlab/recipes/gitlab-workhorse.rb in the cache.
[2019-02-22T10:30:16+00:00] INFO: Storing updated cookbooks/gitlab/recipes/prometheus_user.rb in the cache.
[2019-02-22T10:30:16+00:00] INFO: Storing updated cookbooks/gitlab/recipes/letsencrypt_renew.rb in the cache.
[2019-02-22T10:30:16+00:00] INFO: Storing updated cookbooks/gitlab/recipes/puma_disable.rb in the cache.
[2019-02-22T10:30:16+00:00] INFO: Storing updated cookbooks/gitlab/recipes/nginx.rb in the cache.
[2019-02-22T10:30:16+00:00] INFO: Storing updated cookbooks/gitlab/recipes/redis-exporter_disable.rb in the cache.
[2019-02-22T10:30:16+00:00] INFO: Storing updated cookbooks/gitlab/recipes/logrotate_disable.rb in the cache.
[2019-02-22T10:30:16+00:00] INFO: Storing updated cookbooks/gitlab/recipes/mailroom.rb in the cache.
[2019-02-22T10:30:16+00:00] INFO: Storing updated cookbooks/gitlab/recipes/prometheus_disable.rb in the cache.
[2019-02-22T10:30:16+00:00] INFO: Storing updated cookbooks/gitlab/recipes/show_config.rb in the cache.
[2019-02-22T10:30:16+00:00] INFO: Storing updated cookbooks/gitlab/recipes/node-exporter.rb in the cache.
[2019-02-22T10:30:16+00:00] INFO: Storing updated cookbooks/gitlab/recipes/postgres-exporter.rb in the cache.
[2019-02-22T10:30:16+00:00] INFO: Storing updated cookbooks/gitlab/recipes/prometheus.rb in the cache.
[2019-02-22T10:30:16+00:00] INFO: Storing updated cookbooks/gitlab/recipes/storage-check_disable.rb in the cache.
[2019-02-22T10:30:16+00:00] INFO: Storing updated cookbooks/gitlab/recipes/puma.rb in the cache.
[2019-02-22T10:30:16+00:00] INFO: Storing updated cookbooks/gitlab/recipes/redis-exporter.rb in the cache.
[2019-02-22T10:30:16+00:00] INFO: Storing updated cookbooks/gitlab/recipes/remote-syslog.rb in the cache.
[2019-02-22T10:30:16+00:00] INFO: Storing updated cookbooks/gitlab/recipes/remote-syslog_disable.rb in the cache.
[2019-02-22T10:30:16+00:00] INFO: Storing updated cookbooks/gitlab/recipes/remove_accounts.rb in the cache.
[2019-02-22T10:30:16+00:00] INFO: Storing updated cookbooks/gitlab/recipes/selinux.rb in the cache.
[2019-02-22T10:30:16+00:00] INFO: Storing updated cookbooks/gitlab/recipes/sidekiq.rb in the cache.
[2019-02-22T10:30:16+00:00] INFO: Storing updated cookbooks/gitlab/recipes/sidekiq_disable.rb in the cache.
[2019-02-22T10:30:16+00:00] INFO: Storing updated cookbooks/gitlab/recipes/storage-check.rb in the cache.
[2019-02-22T10:30:16+00:00] INFO: Storing updated cookbooks/gitlab/recipes/unicorn.rb in the cache.
[2019-02-22T10:30:16+00:00] INFO: Storing updated cookbooks/gitlab/recipes/unicorn_disable.rb in the cache.
[2019-02-22T10:30:16+00:00] INFO: Storing updated cookbooks/gitlab/resources/puma_config.rb in the cache.
[2019-02-22T10:30:16+00:00] INFO: Storing updated cookbooks/gitlab/templates/default/database.yml.erb in the cache.
[2019-02-22T10:30:16+00:00] INFO: Storing updated cookbooks/gitlab/templates/default/gitlab-rails-rc.erb in the cache.
[2019-02-22T10:30:16+00:00] INFO: Storing updated cookbooks/gitlab/README.md in the cache.
[2019-02-22T10:30:16+00:00] INFO: Storing updated cookbooks/gitlab/templates/default/gitlab.yml.erb in the cache.
[2019-02-22T10:30:16+00:00] INFO: Storing updated cookbooks/gitlab/templates/default/gitconfig.erb in the cache.
[2019-02-22T10:30:16+00:00] INFO: Storing updated cookbooks/gitlab/templates/default/logrotate-service.erb in the cache.
[2019-02-22T10:30:16+00:00] INFO: Storing updated cookbooks/gitlab/templates/default/gitconfig-system.erb in the cache.
[2019-02-22T10:30:16+00:00] INFO: Storing updated cookbooks/gitlab/recipes/web-server.rb in the cache.
[2019-02-22T10:30:16+00:00] INFO: Storing updated cookbooks/gitlab/templates/default/make_metrics_rundir.erb in the cache.
[2019-02-22T10:30:16+00:00] INFO: Storing updated cookbooks/gitlab/templates/default/gitlab-healthcheck-rc.erb in the cache.
[2019-02-22T10:30:16+00:00] INFO: Storing updated cookbooks/gitlab/templates/default/nginx-gitlab-http.conf.erb in the cache.
[2019-02-22T10:30:16+00:00] INFO: Storing updated cookbooks/gitlab/templates/default/gitlab-monitor.yml.erb in the cache.
[2019-02-22T10:30:16+00:00] INFO: Storing updated cookbooks/gitlab/recipes/users.rb in the cache.
[2019-02-22T10:30:16+00:00] INFO: Storing updated cookbooks/gitlab/templates/default/gitlab-rails-error.html.erb in the cache.
[2019-02-22T10:30:16+00:00] INFO: Storing updated cookbooks/gitlab/templates/default/nginx-status.conf.erb in the cache.
[2019-02-22T10:30:16+00:00] INFO: Storing updated cookbooks/gitlab/templates/default/postgres-queries.yaml in the cache.
[2019-02-22T10:30:16+00:00] INFO: Storing updated cookbooks/gitlab/templates/default/logrotate.conf.erb in the cache.
[2019-02-22T10:30:16+00:00] INFO: Storing updated cookbooks/gitlab/templates/default/gitlab-shell-config.yml.erb in the cache.
[2019-02-22T10:30:16+00:00] INFO: Storing updated cookbooks/gitlab/templates/default/mount_point_check.erb in the cache.
[2019-02-22T10:30:16+00:00] INFO: Storing updated cookbooks/gitlab/templates/default/prometheus/rules/node.rules.v2 in the cache.
[2019-02-22T10:30:16+00:00] INFO: Storing updated cookbooks/gitlab/templates/default/nginx-gitlab-pages-http.conf.erb in the cache.
[2019-02-22T10:30:16+00:00] INFO: Storing updated cookbooks/gitlab/templates/default/puma.rb.erb in the cache.
[2019-02-22T10:30:16+00:00] INFO: Storing updated cookbooks/gitlab/templates/default/nginx-gitlab-mattermost-http.conf.erb in the cache.
[2019-02-22T10:30:16+00:00] INFO: Storing updated cookbooks/gitlab/templates/default/nginx-gitlab-registry-http.conf.erb in the cache.
[2019-02-22T10:30:16+00:00] INFO: Storing updated cookbooks/gitlab/templates/default/nginx.conf.erb in the cache.
[2019-02-22T10:30:16+00:00] INFO: Storing updated cookbooks/gitlab/templates/default/resque.yml.erb in the cache.
[2019-02-22T10:30:16+00:00] INFO: Storing updated cookbooks/gitlab/templates/default/prometheus/rules/gitlab.rules.v1 in the cache.
[2019-02-22T10:30:16+00:00] INFO: Storing updated cookbooks/gitlab/templates/default/postgresql-init.erb in the cache.
[2019-02-22T10:30:16+00:00] INFO: Storing updated cookbooks/gitlab/templates/default/prometheus/rules/gitlab.rules.v2 in the cache.
[2019-02-22T10:30:16+00:00] INFO: Storing updated cookbooks/gitlab/templates/default/sv-alertmanager-log-run.erb in the cache.
[2019-02-22T10:30:16+00:00] INFO: Storing updated cookbooks/gitlab/templates/default/prometheus/rules/node.rules.v1 in the cache.
[2019-02-22T10:30:16+00:00] INFO: Storing updated cookbooks/gitlab/templates/default/sv-alertmanager-run.erb in the cache.
[2019-02-22T10:30:16+00:00] INFO: Storing updated cookbooks/gitlab/templates/default/sv-gitlab-monitor-log-config.erb in the cache.
[2019-02-22T10:30:16+00:00] INFO: Storing updated cookbooks/gitlab/templates/default/rack_attack.rb.erb in the cache.
[2019-02-22T10:30:16+00:00] INFO: Storing updated cookbooks/gitlab/templates/default/sv-gitlab-pages-log-config.erb in the cache.
[2019-02-22T10:30:16+00:00] INFO: Storing updated cookbooks/gitlab/templates/default/secrets.yml.erb in the cache.
[2019-02-22T10:30:16+00:00] INFO: Storing updated cookbooks/gitlab/templates/default/remote_syslog.yml.erb in the cache.
[2019-02-22T10:30:16+00:00] INFO: Storing updated cookbooks/gitlab/templates/default/sv-alertmanager-log-config.erb in the cache.
[2019-02-22T10:30:16+00:00] INFO: Storing updated cookbooks/gitlab/templates/default/smtp_settings.rb.erb in the cache.
[2019-02-22T10:30:16+00:00] INFO: Storing updated cookbooks/gitlab/templates/default/secret_token.erb in the cache.
[2019-02-22T10:30:16+00:00] INFO: Storing updated cookbooks/gitlab/templates/default/sv-gitlab-monitor-run.erb in the cache.
[2019-02-22T10:30:16+00:00] INFO: Storing updated cookbooks/gitlab/templates/default/sv-logrotate-log-config.erb in the cache.
[2019-02-22T10:30:16+00:00] INFO: Storing updated cookbooks/gitlab/templates/default/sv-logrotate-log-run.erb in the cache.
[2019-02-22T10:30:16+00:00] INFO: Storing updated cookbooks/gitlab/templates/default/sv-logrotate-run.erb in the cache.
[2019-02-22T10:30:16+00:00] INFO: Storing updated cookbooks/gitlab/templates/default/sv-gitlab-monitor-log-run.erb in the cache.
[2019-02-22T10:30:16+00:00] INFO: Storing updated cookbooks/gitlab/templates/default/sv-mailroom-finish.erb in the cache.
[2019-02-22T10:30:16+00:00] INFO: Storing updated cookbooks/gitlab/templates/default/sv-logrotate-control-t.erb in the cache.
[2019-02-22T10:30:16+00:00] INFO: Storing updated cookbooks/gitlab/templates/default/sv-gitlab-workhorse-run.erb in the cache.
[2019-02-22T10:30:16+00:00] INFO: Storing updated cookbooks/gitlab/templates/default/sv-gitlab-pages-log-run.erb in the cache.
[2019-02-22T10:30:16+00:00] INFO: Storing updated cookbooks/gitlab/templates/default/sv-gitlab-workhorse-log-config.erb in the cache.
[2019-02-22T10:30:16+00:00] INFO: Storing updated cookbooks/gitlab/templates/default/sv-gitlab-pages-run.erb in the cache.
[2019-02-22T10:30:16+00:00] INFO: Storing updated cookbooks/gitlab/templates/default/sv-gitlab-workhorse-log-run.erb in the cache.
[2019-02-22T10:30:16+00:00] INFO: Storing updated cookbooks/gitlab/templates/default/sv-node-exporter-log-run.erb in the cache.
[2019-02-22T10:30:16+00:00] INFO: Storing updated cookbooks/gitlab/templates/default/sv-postgres-exporter-log-config.erb in the cache.
[2019-02-22T10:30:16+00:00] INFO: Storing updated cookbooks/gitlab/templates/default/sv-node-exporter-run.erb in the cache.
[2019-02-22T10:30:16+00:00] INFO: Storing updated cookbooks/gitlab/templates/default/sv-postgres-exporter-log-run.erb in the cache.
[2019-02-22T10:30:16+00:00] INFO: Storing updated cookbooks/gitlab/templates/default/sv-postgres-exporter-run.erb in the cache.
[2019-02-22T10:30:16+00:00] INFO: Storing updated cookbooks/gitlab/templates/default/sv-mailroom-run.erb in the cache.
[2019-02-22T10:30:16+00:00] INFO: Storing updated cookbooks/gitlab/templates/default/sv-node-exporter-log-config.erb in the cache.
[2019-02-22T10:30:16+00:00] INFO: Storing updated cookbooks/gitlab/templates/default/sv-prometheus-log-config.erb in the cache.
[2019-02-22T10:30:16+00:00] INFO: Storing updated cookbooks/gitlab/templates/default/sv-mailroom-log-run.erb in the cache.
[2019-02-22T10:30:16+00:00] INFO: Storing updated cookbooks/gitlab/templates/default/sv-puma-log-config.erb in the cache.
[2019-02-22T10:30:16+00:00] INFO: Storing updated cookbooks/gitlab/templates/default/sv-mailroom-log-config.erb in the cache.
[2019-02-22T10:30:16+00:00] INFO: Storing updated cookbooks/gitlab/templates/default/sv-prometheus-run.erb in the cache.
[2019-02-22T10:30:16+00:00] INFO: Storing updated cookbooks/gitlab/templates/default/sv-prometheus-log-run.erb in the cache.
[2019-02-22T10:30:16+00:00] INFO: Storing updated cookbooks/gitlab/templates/default/sv-puma-log-run.erb in the cache.
[2019-02-22T10:30:16+00:00] INFO: Storing updated cookbooks/gitlab/templates/default/sv-puma-control-h.erb in the cache.
[2019-02-22T10:30:16+00:00] INFO: Storing updated cookbooks/gitlab/templates/default/sv-puma-control-t.erb in the cache.
[2019-02-22T10:30:16+00:00] INFO: Storing updated cookbooks/gitlab/templates/default/sv-redis-exporter-log-config.erb in the cache.
[2019-02-22T10:30:16+00:00] INFO: Storing updated cookbooks/gitlab/templates/default/sv-remote-syslog-log-run.erb in the cache.
[2019-02-22T10:30:16+00:00] INFO: Storing updated cookbooks/gitlab/templates/default/sv-sidekiq-log-config.erb in the cache.
[2019-02-22T10:30:16+00:00] INFO: Storing updated cookbooks/gitlab/templates/default/sv-storage-check-log-run.erb in the cache.
[2019-02-22T10:30:16+00:00] INFO: Storing updated cookbooks/gitlab/templates/default/sv-sidekiq-log-run.erb in the cache.
[2019-02-22T10:30:16+00:00] INFO: Storing updated cookbooks/gitlab/templates/default/sv-storage-check-run.erb in the cache.
[2019-02-22T10:30:16+00:00] INFO: Storing updated cookbooks/gitlab/templates/default/sv-remote-syslog-run.erb in the cache.
[2019-02-22T10:30:16+00:00] INFO: Storing updated cookbooks/gitlab/templates/default/sv-redis-exporter-run.erb in the cache.
[2019-02-22T10:30:16+00:00] INFO: Storing updated cookbooks/gitlab/templates/default/sv-unicorn-control-t.erb in the cache.
[2019-02-22T10:30:16+00:00] INFO: Storing updated cookbooks/gitlab/templates/default/sv-remote-syslog-log-config.erb in the cache.
[2019-02-22T10:30:16+00:00] INFO: Storing updated cookbooks/gitlab/templates/default/sv-unicorn-log-run.erb in the cache.
[2019-02-22T10:30:16+00:00] INFO: Storing updated cookbooks/gitlab/templates/default/sv-redis-exporter-log-run.erb in the cache.
[2019-02-22T10:30:16+00:00] INFO: Storing updated cookbooks/gitlab/templates/default/unicorn.rb.erb in the cache.
[2019-02-22T10:30:16+00:00] INFO: Storing updated cookbooks/gitlab/templates/default/sv-storage-check-log-config.erb in the cache.
[2019-02-22T10:30:16+00:00] INFO: Storing updated cookbooks/gitlab/templates/default/sv-unicorn-control-h.erb in the cache.
[2019-02-22T10:30:16+00:00] INFO: Storing updated cookbooks/gitlab/libraries/gitlab_monitor.rb in the cache.
[2019-02-22T10:30:16+00:00] INFO: Storing updated cookbooks/gitlab/templates/default/sv-sidekiq-run.erb in the cache.
[2019-02-22T10:30:16+00:00] INFO: Storing updated cookbooks/gitlab/templates/default/sv-puma-run.erb in the cache.
[2019-02-22T10:30:16+00:00] INFO: Storing updated cookbooks/gitlab/libraries/gitlab_shell.rb in the cache.
[2019-02-22T10:30:16+00:00] INFO: Storing updated cookbooks/gitlab/libraries/helper.rb in the cache.
[2019-02-22T10:30:16+00:00] INFO: Storing updated cookbooks/gitlab/libraries/helpers/base_helper.rb in the cache.
[2019-02-22T10:30:16+00:00] INFO: Storing updated cookbooks/gitlab/templates/default/sv-unicorn-log-config.erb in the cache.
[2019-02-22T10:30:16+00:00] INFO: Storing updated cookbooks/gitlab/libraries/helpers/base_pg_helper.rb in the cache.
[2019-02-22T10:30:16+00:00] INFO: Storing updated cookbooks/gitlab/templates/default/sv-unicorn-run.erb in the cache.
[2019-02-22T10:30:16+00:00] INFO: Storing updated cookbooks/gitlab/libraries/account_helper.rb in the cache.
[2019-02-22T10:30:16+00:00] INFO: Storing updated cookbooks/gitlab/libraries/helpers/pg_helper.rb in the cache.
[2019-02-22T10:30:16+00:00] INFO: Storing updated cookbooks/gitlab/templates/default/workhorse-config.toml.erb in the cache.
[2019-02-22T10:30:16+00:00] INFO: Storing updated cookbooks/gitlab/libraries/gitlab_mattermost.rb in the cache.
[2019-02-22T10:30:16+00:00] INFO: Storing updated cookbooks/gitlab/libraries/logging.rb in the cache.
[2019-02-22T10:30:16+00:00] INFO: Storing updated cookbooks/gitlab/libraries/gitlab_rails.rb in the cache.
[2019-02-22T10:30:16+00:00] INFO: Storing updated cookbooks/gitlab/libraries/pg_version.rb in the cache.
[2019-02-22T10:30:16+00:00] INFO: Storing updated cookbooks/gitlab/libraries/gitlab_pages.rb in the cache.
[2019-02-22T10:30:16+00:00] INFO: Storing updated cookbooks/gitlab/libraries/prometheus.rb in the cache.
[2019-02-22T10:30:16+00:00] INFO: Storing updated cookbooks/gitlab/libraries/helpers/gitlab_rails.rb in the cache.
[2019-02-22T10:30:16+00:00] INFO: Storing updated cookbooks/gitlab/libraries/redis.rb in the cache.
[2019-02-22T10:30:16+00:00] INFO: Storing updated cookbooks/gitlab/libraries/incoming_email.rb in the cache.
[2019-02-22T10:30:16+00:00] INFO: Storing updated cookbooks/gitlab/libraries/helpers/authorizer_helper.rb in the cache.
[2019-02-22T10:30:16+00:00] INFO: Storing updated cookbooks/gitlab/libraries/storage_check.rb in the cache.
[2019-02-22T10:30:16+00:00] INFO: Storing updated cookbooks/gitlab/libraries/gitlab_workhorse.rb in the cache.
[2019-02-22T10:30:16+00:00] INFO: Storing updated cookbooks/gitlab/metadata.rb in the cache.
[2019-02-22T10:30:16+00:00] INFO: Storing updated cookbooks/gitlab/libraries/helpers/geo_pg_helper.rb in the cache.
[2019-02-22T10:30:16+00:00] INFO: Storing updated cookbooks/package/resources/account.rb in the cache.
[2019-02-22T10:30:16+00:00] INFO: Storing updated cookbooks/package/resources/storage_directory.rb in the cache.
[2019-02-22T10:30:16+00:00] INFO: Storing updated cookbooks/gitlab/libraries/postgresql.rb in the cache.
[2019-02-22T10:30:16+00:00] INFO: Storing updated cookbooks/gitlab/libraries/prometheus_helper.rb in the cache.
[2019-02-22T10:30:16+00:00] INFO: Storing updated cookbooks/gitlab/libraries/redis_uri.rb in the cache.
[2019-02-22T10:30:16+00:00] INFO: Storing updated cookbooks/package/libraries/config/gitlab.rb in the cache.
[2019-02-22T10:30:16+00:00] INFO: Storing updated cookbooks/gitlab/libraries/nginx.rb in the cache.
[2019-02-22T10:30:16+00:00] INFO: Storing updated cookbooks/package/libraries/config/roles/consul.rb in the cache.
[2019-02-22T10:30:16+00:00] INFO: Storing updated cookbooks/gitlab/libraries/registry.rb in the cache.
[2019-02-22T10:30:16+00:00] INFO: Storing updated cookbooks/package/libraries/config/roles/geo_primary.rb in the cache.
[2019-02-22T10:30:16+00:00] INFO: Storing updated cookbooks/gitlab/libraries/unicorn.rb in the cache.
[2019-02-22T10:30:16+00:00] INFO: Storing updated cookbooks/package/libraries/certificate_helper.rb in the cache.
[2019-02-22T10:30:16+00:00] INFO: Storing updated cookbooks/gitlab/libraries/redis_helper.rb in the cache.
[2019-02-22T10:30:16+00:00] INFO: Storing updated cookbooks/gitlab/attributes/default.rb in the cache.
[2019-02-22T10:30:16+00:00] INFO: Storing updated cookbooks/package/resources/env_dir.rb in the cache.
[2019-02-22T10:30:16+00:00] INFO: Storing updated cookbooks/package/resources/templatesymlink.rb in the cache.
[2019-02-22T10:30:16+00:00] INFO: Storing updated cookbooks/package/resources/sysctl.rb in the cache.
[2019-02-22T10:30:16+00:00] INFO: Storing updated cookbooks/package/libraries/config/roles/postgres.rb in the cache.
[2019-02-22T10:30:16+00:00] INFO: Storing updated cookbooks/package/libraries/config/roles/geo_secondary.rb in the cache.
[2019-02-22T10:30:16+00:00] INFO: Storing updated cookbooks/package/libraries/config/roles/application.rb in the cache.
[2019-02-22T10:30:16+00:00] INFO: Storing updated cookbooks/package/libraries/config/roles/redis_sentinel.rb in the cache.
[2019-02-22T10:30:16+00:00] INFO: Storing updated cookbooks/package/libraries/config/services.rb in the cache.
[2019-02-22T10:30:16+00:00] INFO: Storing updated cookbooks/package/libraries/formatters/gitlab.rb in the cache.
[2019-02-22T10:30:16+00:00] INFO: Storing updated cookbooks/package/libraries/deprecations.rb in the cache.
[2019-02-22T10:30:16+00:00] INFO: Storing updated cookbooks/package/libraries/helper.rb in the cache.
[2019-02-22T10:30:16+00:00] INFO: Storing updated cookbooks/package/libraries/config/roles/pgbouncer.rb in the cache.
[2019-02-22T10:30:16+00:00] INFO: Storing updated cookbooks/package/libraries/helpers/logging_helper.rb in the cache.
[2019-02-22T10:30:16+00:00] INFO: Storing updated cookbooks/package/libraries/helpers/secrets_helper.rb in the cache.
[2019-02-22T10:30:16+00:00] INFO: Storing updated cookbooks/package/libraries/config/roles/default.rb in the cache.
[2019-02-22T10:30:16+00:00] INFO: Storing updated cookbooks/package/libraries/helpers/settings_helper.rb in the cache.
[2019-02-22T10:30:16+00:00] INFO: Storing updated cookbooks/package/libraries/config_mash.rb in the cache.
[2019-02-22T10:30:16+00:00] INFO: Storing updated cookbooks/package/libraries/omnibus_helper.rb in the cache.
[2019-02-22T10:30:16+00:00] INFO: Storing updated cookbooks/package/libraries/config/roles/redis_master.rb in the cache.
[2019-02-22T10:30:16+00:00] INFO: Storing updated cookbooks/package/metadata.rb in the cache.
[2019-02-22T10:30:16+00:00] INFO: Storing updated cookbooks/package/libraries/handlers/gitlab.rb in the cache.
[2019-02-22T10:30:16+00:00] INFO: Storing updated cookbooks/postgresql/recipes/bin.rb in the cache.
[2019-02-22T10:30:16+00:00] INFO: Storing updated cookbooks/package/libraries/helpers/redhat_helper.rb in the cache.
[2019-02-22T10:30:16+00:00] INFO: Storing updated cookbooks/postgresql/recipes/disable.rb in the cache.
[2019-02-22T10:30:16+00:00] INFO: Storing updated cookbooks/package/libraries/helpers/roles_helper.rb in the cache.
[2019-02-22T10:30:16+00:00] INFO: Storing updated cookbooks/postgresql/recipes/enable.rb in the cache.
[2019-02-22T10:30:16+00:00] INFO: Storing updated cookbooks/package/libraries/helpers/services_helper.rb in the cache.
[2019-02-22T10:30:16+00:00] INFO: Storing updated cookbooks/postgresql/recipes/user.rb in the cache.
[2019-02-22T10:30:16+00:00] INFO: Storing updated cookbooks/package/libraries/helpers/version_helper.rb in the cache.
[2019-02-22T10:30:16+00:00] INFO: Storing updated cookbooks/postgresql/resources/database.rb in the cache.
[2019-02-22T10:30:16+00:00] INFO: Storing updated cookbooks/postgresql/recipes/directory_locations.rb in the cache.
[2019-02-22T10:30:16+00:00] INFO: Storing updated cookbooks/postgresql/resources/query.rb in the cache.
[2019-02-22T10:30:16+00:00] INFO: Storing updated cookbooks/package/libraries/helpers/output_helper.rb in the cache.
[2019-02-22T10:30:16+00:00] INFO: Storing updated cookbooks/postgresql/resources/user.rb in the cache.
[2019-02-22T10:30:16+00:00] INFO: Storing updated cookbooks/package/libraries/storage_directory_helper.rb in the cache.
[2019-02-22T10:30:16+00:00] INFO: Storing updated cookbooks/postgresql/templates/default/pg_hba.conf.erb in the cache.
[2019-02-22T10:30:16+00:00] INFO: Storing updated cookbooks/package/libraries/helpers/shell_out_helper.rb in the cache.
[2019-02-22T10:30:16+00:00] INFO: Storing updated cookbooks/postgresql/templates/default/postgresql-runtime.conf.erb in the cache.
[2019-02-22T10:30:16+00:00] INFO: Storing updated cookbooks/postgresql/templates/default/sv-postgresql-control-t.erb in the cache.
[2019-02-22T10:30:16+00:00] INFO: Storing updated cookbooks/package/attributes/default.rb in the cache.
[2019-02-22T10:30:16+00:00] INFO: Storing updated cookbooks/postgresql/templates/default/sv-postgresql-run.erb in the cache.
[2019-02-22T10:30:16+00:00] INFO: Storing updated cookbooks/redis/recipes/disable.rb in the cache.
[2019-02-22T10:30:16+00:00] INFO: Storing updated cookbooks/redis/definitions/redis_service.rb in the cache.
[2019-02-22T10:30:16+00:00] INFO: Storing updated cookbooks/postgresql/resources/extension.rb in the cache.
[2019-02-22T10:30:16+00:00] INFO: Storing updated cookbooks/redis/templates/default/sv-redis-log-config.erb in the cache.
[2019-02-22T10:30:16+00:00] INFO: Storing updated cookbooks/postgresql/templates/default/sv-postgresql-log-run.erb in the cache.
[2019-02-22T10:30:16+00:00] INFO: Storing updated cookbooks/postgresql/templates/default/gitlab-psql-rc.erb in the cache.
[2019-02-22T10:30:16+00:00] INFO: Storing updated cookbooks/postgresql/resources/schema.rb in the cache.
[2019-02-22T10:30:16+00:00] INFO: Storing updated cookbooks/redis/attributes/attributes.rb in the cache.
[2019-02-22T10:30:16+00:00] INFO: Storing updated cookbooks/postgresql/metadata.rb in the cache.
[2019-02-22T10:30:16+00:00] INFO: Storing updated cookbooks/postgresql/templates/default/pg_ident.conf.erb in the cache.
[2019-02-22T10:30:16+00:00] INFO: Storing updated cookbooks/postgresql/templates/default/postgresql.conf.erb in the cache.
[2019-02-22T10:30:16+00:00] INFO: Storing updated cookbooks/postgresql/templates/default/sv-postgresql-log-config.erb in the cache.
[2019-02-22T10:30:16+00:00] INFO: Storing updated cookbooks/redis/recipes/enable.rb in the cache.
[2019-02-22T10:30:16+00:00] INFO: Storing updated cookbooks/redis/templates/default/redis.conf.erb in the cache.
[2019-02-22T10:30:16+00:00] INFO: Storing updated cookbooks/registry/templates/default/sv-registry-run.erb in the cache.
[2019-02-22T10:30:16+00:00] INFO: Storing updated cookbooks/registry/attributes/default.rb in the cache.
[2019-02-22T10:30:16+00:00] INFO: Storing updated cookbooks/redis/templates/default/sv-redis-log-run.erb in the cache.
[2019-02-22T10:30:16+00:00] INFO: Storing updated cookbooks/redis/templates/default/sv-redis-run.erb in the cache.
[2019-02-22T10:30:16+00:00] INFO: Storing updated cookbooks/mattermost/templates/default/sv-mattermost-log-config.erb in the cache.
[2019-02-22T10:30:16+00:00] INFO: Storing updated cookbooks/redis/metadata.rb in the cache.
[2019-02-22T10:30:16+00:00] INFO: Storing updated cookbooks/registry/templates/default/sv-registry-log-run.erb in the cache.
[2019-02-22T10:30:16+00:00] INFO: Storing updated cookbooks/registry/recipes/enable.rb in the cache.
[2019-02-22T10:30:16+00:00] INFO: Storing updated cookbooks/registry/templates/default/registry-config.yml.erb in the cache.
[2019-02-22T10:30:16+00:00] INFO: Storing updated cookbooks/registry/templates/default/sv-registry-log-config.erb in the cache.
[2019-02-22T10:30:16+00:00] INFO: Storing updated cookbooks/registry/metadata.rb in the cache.
[2019-02-22T10:30:16+00:00] INFO: Storing updated cookbooks/registry/recipes/disable.rb in the cache.
[2019-02-22T10:30:16+00:00] INFO: Storing updated cookbooks/mattermost/metadata.rb in the cache.
[2019-02-22T10:30:16+00:00] INFO: Storing updated cookbooks/consul/recipes/disable.rb in the cache.
[2019-02-22T10:30:16+00:00] INFO: Storing updated cookbooks/consul/recipes/enable.rb in the cache.
[2019-02-22T10:30:16+00:00] INFO: Storing updated cookbooks/mattermost/recipes/disable.rb in the cache.
[2019-02-22T10:30:16+00:00] INFO: Storing updated cookbooks/consul/recipes/watchers.rb in the cache.
[2019-02-22T10:30:16+00:00] INFO: Storing updated cookbooks/mattermost/libraries/mattermost_helper.rb in the cache.
[2019-02-22T10:30:16+00:00] INFO: Storing updated cookbooks/mattermost/recipes/enable.rb in the cache.
[2019-02-22T10:30:16+00:00] INFO: Storing updated cookbooks/consul/recipes/enable_daemon.rb in the cache.
[2019-02-22T10:30:16+00:00] INFO: Storing updated cookbooks/consul/recipes/disable_daemon.rb in the cache.
[2019-02-22T10:30:16+00:00] INFO: Storing updated cookbooks/consul/libraries/consul_helper.rb in the cache.
[2019-02-22T10:30:16+00:00] INFO: Storing updated cookbooks/consul/templates/default/sv-consul-log-run.erb in the cache.
[2019-02-22T10:30:16+00:00] INFO: Storing updated cookbooks/consul/recipes/service_postgresql.rb in the cache.
[2019-02-22T10:30:16+00:00] INFO: Storing updated cookbooks/consul/attributes/services.rb in the cache.
[2019-02-22T10:30:16+00:00] INFO: Storing updated cookbooks/mattermost/attributes/default.rb in the cache.
[2019-02-22T10:30:16+00:00] INFO: Storing updated cookbooks/gitaly/recipes/disable.rb in the cache.
[2019-02-22T10:30:16+00:00] INFO: Storing updated cookbooks/mattermost/templates/default/sv-mattermost-log-run.erb in the cache.
[2019-02-22T10:30:16+00:00] INFO: Storing updated cookbooks/gitaly/recipes/enable.rb in the cache.
[2019-02-22T10:30:16+00:00] INFO: Storing updated cookbooks/mattermost/templates/default/sv-mattermost-run.erb in the cache.
[2019-02-22T10:30:16+00:00] INFO: Storing updated cookbooks/consul/templates/default/sv-consul-log-config.erb in the cache.
[2019-02-22T10:30:16+00:00] INFO: Storing updated cookbooks/consul/templates/default/sv-consul-run.erb in the cache.
[2019-02-22T10:30:16+00:00] INFO: Storing updated cookbooks/consul/attributes/default.rb in the cache.
[2019-02-22T10:30:16+00:00] INFO: Storing updated cookbooks/consul/templates/default/watcher_scripts/failover_pgbouncer.erb in the cache.
[2019-02-22T10:30:16+00:00] INFO: Storing updated cookbooks/gitaly/metadata.rb in the cache.
[2019-02-22T10:30:16+00:00] INFO: Storing updated cookbooks/consul/attributes/watchers.rb in the cache.
[2019-02-22T10:30:16+00:00] INFO: Storing updated cookbooks/letsencrypt/recipes/disable.rb in the cache.
[2019-02-22T10:30:16+00:00] INFO: Storing updated cookbooks/letsencrypt/recipes/http_authorization.rb in the cache.
[2019-02-22T10:30:16+00:00] INFO: Storing updated cookbooks/letsencrypt/resources/certificate.rb in the cache.
[2019-02-22T10:30:16+00:00] INFO: Storing updated cookbooks/letsencrypt/README.md in the cache.
[2019-02-22T10:30:16+00:00] INFO: Storing updated cookbooks/gitaly/templates/default/sv-gitaly-run.erb in the cache.
[2019-02-22T10:30:16+00:00] INFO: Storing updated cookbooks/gitaly/templates/default/sv-gitaly-log-config.erb in the cache.
[2019-02-22T10:30:16+00:00] INFO: Storing updated cookbooks/gitaly/templates/default/gitaly-config.toml.erb in the cache.
[2019-02-22T10:30:16+00:00] INFO: Storing updated cookbooks/gitaly/templates/default/sv-gitaly-log-run.erb in the cache.
[2019-02-22T10:30:16+00:00] INFO: Storing updated cookbooks/letsencrypt/libraries/lets_encrypt.rb in the cache.
[2019-02-22T10:30:16+00:00] INFO: Storing updated cookbooks/gitaly/libraries/gitaly.rb in the cache.
[2019-02-22T10:30:16+00:00] INFO: Storing updated cookbooks/gitaly/attributes/default.rb in the cache.
[2019-02-22T10:30:16+00:00] INFO: Storing updated cookbooks/nginx/templates/default/sv-nginx-run.erb in the cache.
[2019-02-22T10:30:16+00:00] INFO: Storing updated cookbooks/nginx/metadata.rb in the cache.
[2019-02-22T10:30:16+00:00] INFO: Storing updated cookbooks/runit/files/default/gitlab-runsvdir.conf in the cache.
[2019-02-22T10:30:16+00:00] INFO: Storing updated cookbooks/letsencrypt/metadata.rb in the cache.
[2019-02-22T10:30:16+00:00] INFO: Storing updated cookbooks/letsencrypt/recipes/enable.rb in the cache.
[2019-02-22T10:30:16+00:00] INFO: Storing updated cookbooks/runit/files/default/gitlab-runsvdir.service in the cache.
[2019-02-22T10:30:16+00:00] INFO: Storing updated cookbooks/letsencrypt/attributes/default.rb in the cache.
[2019-02-22T10:30:16+00:00] INFO: Storing updated cookbooks/runit/recipes/default.rb in the cache.
[2019-02-22T10:30:16+00:00] INFO: Storing updated cookbooks/runit/recipes/systemd.rb in the cache.
[2019-02-22T10:30:16+00:00] INFO: Storing updated cookbooks/letsencrypt/libraries/helper.rb in the cache.
[2019-02-22T10:30:16+00:00] INFO: Storing updated cookbooks/nginx/recipes/enable.rb in the cache.
[2019-02-22T10:30:16+00:00] INFO: Storing updated cookbooks/runit/recipes/upstart.rb in the cache.
[2019-02-22T10:30:16+00:00] INFO: Storing updated cookbooks/nginx/templates/default/sv-nginx-log-config.erb in the cache.
[2019-02-22T10:30:16+00:00] INFO: Storing updated cookbooks/runit/README.md in the cache.
[2019-02-22T10:30:16+00:00] INFO: Storing updated cookbooks/runit/metadata.rb in the cache.
[2019-02-22T10:30:16+00:00] INFO: Storing updated cookbooks/nginx/templates/default/sv-nginx-log-run.erb in the cache.
[2019-02-22T10:30:16+00:00] INFO: Storing updated cookbooks/runit/recipes/sysvinit.rb in the cache.
[2019-02-22T10:30:16+00:00] INFO: Storing updated cookbooks/acme/.kitchen.yml in the cache.
[2019-02-22T10:30:16+00:00] INFO: Storing updated cookbooks/acme/Gemfile in the cache.
[2019-02-22T10:30:16+00:00] INFO: Storing updated cookbooks/acme/LICENSE in the cache.
[2019-02-22T10:30:16+00:00] INFO: Storing updated cookbooks/acme/resources/selfsigned.rb in the cache.
[2019-02-22T10:30:16+00:00] INFO: Storing updated cookbooks/acme/resources/ssl_key.rb in the cache.
[2019-02-22T10:30:16+00:00] INFO: Storing updated cookbooks/runit/definitions/runit_service.rb in the cache.
[2019-02-22T10:30:16+00:00] INFO: Storing updated cookbooks/acme/.gitignore in the cache.
[2019-02-22T10:30:16+00:00] INFO: Storing updated cookbooks/acme/.kitchen.dokken.yml in the cache.
[2019-02-22T10:30:16+00:00] INFO: Storing updated cookbooks/runit/attributes/default.rb in the cache.
[2019-02-22T10:30:16+00:00] INFO: Storing updated cookbooks/acme/CHANGELOG.md in the cache.
[2019-02-22T10:30:16+00:00] INFO: Storing updated cookbooks/acme/.ruby-version in the cache.
[2019-02-22T10:30:16+00:00] INFO: Storing updated cookbooks/acme/providers/ssl_key.rb in the cache.
[2019-02-22T10:30:16+00:00] INFO: Storing updated cookbooks/acme/recipes/default.rb in the cache.
