# Logfile created on 2019-02-22 10:11:42 +0000 by logger.rb/61378
[2019-02-22T10:11:43+00:00] INFO: Started chef-zero at chefzero://localhost:1 with repository at /opt/gitlab/embedded
  One version per cookbook

[2019-02-22T10:11:43+00:00] INFO: *** Chef 13.6.4 ***
[2019-02-22T10:11:43+00:00] INFO: Platform: x86_64-linux
[2019-02-22T10:11:43+00:00] INFO: Chef-client pid: 1226
[2019-02-22T10:11:43+00:00] INFO: The plugin path /etc/chef/ohai/plugins does not exist. Skipping...
[2019-02-22T10:11:48+00:00] WARN: Plugin Network: unable to detect ipaddress
[2019-02-22T10:11:49+00:00] INFO: Setting the run_list to ["recipe[gitlab]"] from CLI options
[2019-02-22T10:11:49+00:00] INFO: Run List is [recipe[gitlab]]
[2019-02-22T10:11:49+00:00] INFO: Run List expands to [gitlab]
[2019-02-22T10:11:49+00:00] INFO: Starting Chef Run for a4d6e9c1e50c
[2019-02-22T10:11:49+00:00] INFO: Running start handlers
[2019-02-22T10:11:49+00:00] INFO: Start handlers complete.
[2019-02-22T10:11:56+00:00] INFO: Loading cookbooks [gitlab@0.0.1, package@0.1.0, postgresql@0.1.0, redis@0.1.0, registry@0.1.0, mattermost@0.1.0, consul@0.0.0, gitaly@0.1.0, letsencrypt@0.1.0, nginx@0.1.0, runit@0.14.2, acme@3.1.0, crond@0.1.0, compat_resource@12.19.0]
[2019-02-22T10:12:05+00:00] WARN: Skipped selecting an init system because it looks like we are running in a container
[2019-02-22T10:12:08+00:00] INFO: The plugin path /etc/chef/ohai/plugins does not exist. Skipping...
[2019-02-22T10:12:09+00:00] INFO: template[/var/opt/gitlab/.gitconfig] backed up to /opt/gitlab/embedded/cookbooks/cache/backup/var/opt/gitlab/.gitconfig.chef-20190222101209.179294
[2019-02-22T10:12:09+00:00] INFO: template[/var/opt/gitlab/.gitconfig] updated file contents /var/opt/gitlab/.gitconfig
[2019-02-22T10:12:09+00:00] INFO: execute[/opt/gitlab/embedded/service/gitlab-shell/bin/gitlab-keys check-permissions] ran successfully
[2019-02-22T10:12:11+00:00] INFO: template[/var/opt/gitlab/gitlab-rails/etc/gitlab.yml] backed up to /opt/gitlab/embedded/cookbooks/cache/backup/var/opt/gitlab/gitlab-rails/etc/gitlab.yml.chef-20190222101211.892762
[2019-02-22T10:12:11+00:00] INFO: template[/var/opt/gitlab/gitlab-rails/etc/gitlab.yml] updated file contents /var/opt/gitlab/gitlab-rails/etc/gitlab.yml
[2019-02-22T10:12:17+00:00] INFO: template[/var/opt/gitlab/nginx/conf/gitlab-http.conf] backed up to /opt/gitlab/embedded/cookbooks/cache/backup/var/opt/gitlab/nginx/conf/gitlab-http.conf.chef-20190222101217.253162
[2019-02-22T10:12:17+00:00] INFO: template[/var/opt/gitlab/nginx/conf/gitlab-http.conf] updated file contents /var/opt/gitlab/nginx/conf/gitlab-http.conf
[2019-02-22T10:12:18+00:00] INFO: template[/opt/gitlab/etc/gitlab-healthcheck-rc] backed up to /opt/gitlab/embedded/cookbooks/cache/backup/opt/gitlab/etc/gitlab-healthcheck-rc.chef-20190222101218.532885
[2019-02-22T10:12:18+00:00] INFO: template[/opt/gitlab/etc/gitlab-healthcheck-rc] updated file contents /opt/gitlab/etc/gitlab-healthcheck-rc
[2019-02-22T10:12:20+00:00] INFO: templatesymlink[Create a gitlab.yml and create a symlink to Rails root] sending restart action to service[unicorn] (delayed)
[2019-02-22T10:12:21+00:00] INFO: service[unicorn] restarted
[2019-02-22T10:12:21+00:00] INFO: templatesymlink[Create a gitlab.yml and create a symlink to Rails root] sending restart action to service[sidekiq] (delayed)
[2019-02-22T10:12:27+00:00] INFO: service[sidekiq] restarted
[2019-02-22T10:12:27+00:00] INFO: templatesymlink[Create a gitlab.yml and create a symlink to Rails root] sending run action to execute[clear the gitlab-rails cache] (delayed)
[2019-02-22T10:15:52+00:00] FATAL: SIGINT received, stopping
[2019-02-22T10:15:56+00:00] INFO: template[/var/opt/gitlab/nginx/conf/gitlab-http.conf] sending restart action to service[nginx] (delayed)
[2019-02-22T10:15:57+00:00] INFO: service[nginx] restarted
[2019-02-22T10:15:58+00:00] ERROR: Running exception handlers
[2019-02-22T10:15:58+00:00] ERROR: Exception handlers complete
[2019-02-22T10:15:58+00:00] FATAL: Stacktrace dumped to /opt/gitlab/embedded/cookbooks/cache/chef-stacktrace.out
[2019-02-22T10:15:58+00:00] FATAL: Please provide the contents of the stacktrace.out file if you file a bug report
